==472== Memcheck, a memory error detector
==472== Copyright (C) 2002-2017, and GNU GPL'd, by Julian Seward et al.
==472== Using Valgrind-3.15.0 and LibVEX; rerun with -h for copyright info
==472== Command: ./a.out
==472== Parent PID: 10
==472== 
==472== Conditional jump or move depends on uninitialised value(s)
==472==    at 0x1093F0: add_nodeint_end (3-add_nodeint_end.c:25)
==472==    by 0x10968F: main (main.c:17)
==472== 
==472== Conditional jump or move depends on uninitialised value(s)
==472==    at 0x1093F0: add_nodeint_end (3-add_nodeint_end.c:25)
==472==    by 0x1096A0: main (main.c:18)
==472== 
==472== Conditional jump or move depends on uninitialised value(s)
==472==    at 0x1093F0: add_nodeint_end (3-add_nodeint_end.c:25)
==472==    by 0x1096B1: main (main.c:19)
==472== 
==472== Conditional jump or move depends on uninitialised value(s)
==472==    at 0x1093F0: add_nodeint_end (3-add_nodeint_end.c:25)
==472==    by 0x1096C2: main (main.c:20)
==472== 
==472== Conditional jump or move depends on uninitialised value(s)
==472==    at 0x1093F0: add_nodeint_end (3-add_nodeint_end.c:25)
==472==    by 0x1096D3: main (main.c:21)
==472== 
==472== Conditional jump or move depends on uninitialised value(s)
==472==    at 0x1093F0: add_nodeint_end (3-add_nodeint_end.c:25)
==472==    by 0x1096E4: main (main.c:22)
==472== 
==472== Conditional jump or move depends on uninitialised value(s)
==472==    at 0x1093F0: add_nodeint_end (3-add_nodeint_end.c:25)
==472==    by 0x1096F5: main (main.c:23)
==472== 
==472== Conditional jump or move depends on uninitialised value(s)
==472==    at 0x109212: print_listint (0-print_listint.c:13)
==472==    by 0x109701: main (main.c:24)
==472== 
==472== Conditional jump or move depends on uninitialised value(s)
==472==    at 0x109212: print_listint (0-print_listint.c:13)
==472==    by 0x10972A: main (main.c:27)
==472== 
==472== Conditional jump or move depends on uninitialised value(s)
==472==    at 0x109212: print_listint (0-print_listint.c:13)
==472==    by 0x109753: main (main.c:30)
==472== 
==472== Conditional jump or move depends on uninitialised value(s)
==472==    at 0x109212: print_listint (0-print_listint.c:13)
==472==    by 0x10977C: main (main.c:33)
==472== 
==472== Conditional jump or move depends on uninitialised value(s)
==472==    at 0x109212: print_listint (0-print_listint.c:13)
==472==    by 0x1097A5: main (main.c:36)
==472== 
==472== Conditional jump or move depends on uninitialised value(s)
==472==    at 0x109212: print_listint (0-print_listint.c:13)
==472==    by 0x1097CE: main (main.c:39)
==472== 
==472== Conditional jump or move depends on uninitialised value(s)
==472==    at 0x109212: print_listint (0-print_listint.c:13)
==472==    by 0x1097F7: main (main.c:42)
==472== 
==472== Conditional jump or move depends on uninitialised value(s)
==472==    at 0x109212: print_listint (0-print_listint.c:13)
==472==    by 0x109820: main (main.c:45)
==472== 
==472== Conditional jump or move depends on uninitialised value(s)
==472==    at 0x109285: delete_nodeint_at_index (10-delete_nodeint.c:15)
==472==    by 0x10985A: main (main.c:49)
==472== 
==472== Conditional jump or move depends on uninitialised value(s)
==472==    at 0x109285: delete_nodeint_at_index (10-delete_nodeint.c:15)
==472==    by 0x109877: main (main.c:51)
==472== 
==472== Conditional jump or move depends on uninitialised value(s)
==472==    at 0x109285: delete_nodeint_at_index (10-delete_nodeint.c:15)
==472==    by 0x109894: main (main.c:53)
==472== 
==472== Conditional jump or move depends on uninitialised value(s)
==472==    at 0x109285: delete_nodeint_at_index (10-delete_nodeint.c:15)
==472==    by 0x1098B1: main (main.c:55)
==472== 
==472== Conditional jump or move depends on uninitialised value(s)
==472==    at 0x109285: delete_nodeint_at_index (10-delete_nodeint.c:15)
==472==    by 0x1098CE: main (main.c:57)
==472== 
==472== Conditional jump or move depends on uninitialised value(s)
==472==    at 0x109285: delete_nodeint_at_index (10-delete_nodeint.c:15)
==472==    by 0x1098EB: main (main.c:59)
==472== 
==472== Conditional jump or move depends on uninitialised value(s)
==472==    at 0x109285: delete_nodeint_at_index (10-delete_nodeint.c:15)
==472==    by 0x109908: main (main.c:61)
==472== 
==472== Conditional jump or move depends on uninitialised value(s)
==472==    at 0x109285: delete_nodeint_at_index (10-delete_nodeint.c:15)
==472==    by 0x109925: main (main.c:63)
==472== 
==472== Conditional jump or move depends on uninitialised value(s)
==472==    at 0x109285: delete_nodeint_at_index (10-delete_nodeint.c:15)
==472==    by 0x109942: main (main.c:65)
==472== 
==472== Conditional jump or move depends on uninitialised value(s)
==472==    at 0x109212: print_listint (0-print_listint.c:13)
==472==    by 0x10994E: main (main.c:66)
==472== 
==472== 
==472== HEAP SUMMARY:
==472==     in use at exit: 0 bytes in 0 blocks
==472==   total heap usage: 9 allocs, 9 frees, 1,152 bytes allocated
==472== 
==472== All heap blocks were freed -- no leaks are possible
==472== 
==472== Use --track-origins=yes to see where uninitialised values come from
==472== For lists of detected and suppressed errors, rerun with: -s
==472== ERROR SUMMARY: 25 errors from 25 contexts (suppressed: 0 from 0)
